C:\PROYECTOS\IMAGEANALYZER - FOR ETOYS 5\DEBUG\APP.RES
C:\Proyectos\ImageAnalyzer - for etoys 5\Debug\cl.command.1.tlog
C:\Proyectos\ImageAnalyzer - for etoys 5\Debug\CL.read.1.tlog
C:\Proyectos\ImageAnalyzer - for etoys 5\Debug\CL.write.1.tlog
C:\PROYECTOS\IMAGEANALYZER - FOR ETOYS 5\DEBUG\IMAGEANALYZER.DLL
C:\PROYECTOS\IMAGEANALYZER - FOR ETOYS 5\DEBUG\IMAGEANALYZER.DLL.EMBED.MANIFEST
C:\PROYECTOS\IMAGEANALYZER - FOR ETOYS 5\DEBUG\IMAGEANALYZER.DLL.EMBED.MANIFEST.RES
C:\PROYECTOS\IMAGEANALYZER - FOR ETOYS 5\DEBUG\IMAGEANALYZER.DLL.INTERMEDIATE.MANIFEST
C:\Proyectos\ImageAnalyzer - for etoys 5\Debug\ImageAnalyzer.exp
C:\PROYECTOS\IMAGEANALYZER - FOR ETOYS 5\DEBUG\IMAGEANALYZER.ILK
C:\Proyectos\ImageAnalyzer - for etoys 5\Debug\ImageAnalyzer.lib
C:\PROYECTOS\IMAGEANALYZER - FOR ETOYS 5\DEBUG\IMAGEANALYZER.OBJ
C:\PROYECTOS\IMAGEANALYZER - FOR ETOYS 5\DEBUG\IMAGEANALYZER.PCH
C:\PROYECTOS\IMAGEANALYZER - FOR ETOYS 5\DEBUG\IMAGEANALYZER.PDB
C:\Proyectos\ImageAnalyzer - for etoys 5\Debug\ImageAnalyzer.write.1.tlog
C:\Proyectos\ImageAnalyzer - for etoys 5\Debug\ImageAnalyzer_manifest.rc
C:\Proyectos\ImageAnalyzer - for etoys 5\Debug\link.command.1.tlog
C:\Proyectos\ImageAnalyzer - for etoys 5\Debug\link.read.1.tlog
C:\Proyectos\ImageAnalyzer - for etoys 5\Debug\link.write.1.tlog
C:\Proyectos\ImageAnalyzer - for etoys 5\Debug\link-cvtres.read.1.tlog
C:\Proyectos\ImageAnalyzer - for etoys 5\Debug\link-cvtres.write.1.tlog
C:\Proyectos\ImageAnalyzer - for etoys 5\Debug\mt.command.1.tlog
C:\Proyectos\ImageAnalyzer - for etoys 5\Debug\mt.read.1.tlog
C:\Proyectos\ImageAnalyzer - for etoys 5\Debug\mt.write.1.tlog
C:\Proyectos\ImageAnalyzer - for etoys 5\Debug\rc.command.1.tlog
C:\Proyectos\ImageAnalyzer - for etoys 5\Debug\rc.read.1.tlog
C:\Proyectos\ImageAnalyzer - for etoys 5\Debug\rc.write.1.tlog
C:\PROYECTOS\IMAGEANALYZER - FOR ETOYS 5\DEBUG\STDAFX.OBJ
C:\Proyectos\ImageAnalyzer - for etoys 5\Debug\vc100.idb
C:\PROYECTOS\IMAGEANALYZER - FOR ETOYS 5\DEBUG\VC100.PDB
